<?xml version="1.0" encoding="utf-8" standalone="no"?>
<!--This file represents the results of running a test suite-->
<test-results name="C:\Glimpse\tools\nunit\GlimpseTests.nunit" total="7" errors="0" failures="0" not-run="0" inconclusive="0" ignored="0" skipped="0" invalid="0" date="2011-06-06" time="10:34:13">
  <environment nunit-version="2.5.10.11092" clr-version="2.0.50727.4952" os-version="Microsoft Windows NT 6.1.7600.0" platform="Win32NT" cwd="C:\Glimpse\tools\nunit" machine-name="NN-NMOLNAR-04" user="nmolnar" user-domain="CORP" />
  <culture-info current-culture="en-US" current-uiculture="en-US" />
  <test-suite type="Project" name="C:\Glimpse\tools\nunit\GlimpseTests.nunit" executed="True" result="Success" success="True" time="1.264" asserts="0">
    <results>
      <test-suite type="Assembly" name="C:\Glimpse\tools\nunit\..\..\source\Glimpse.Test.Core\bin\Debug\Glimpse.Test.Core.dll" executed="True" result="Success" success="True" time="1.232" asserts="0">
        <results>
          <test-suite type="Namespace" name="Glimpse" executed="True" result="Success" success="True" time="1.232" asserts="0">
            <results>
              <test-suite type="Namespace" name="Test" executed="True" result="Success" success="True" time="1.232" asserts="0">
                <results>
                  <test-suite type="Namespace" name="Core" executed="True" result="Success" success="True" time="1.232" asserts="0">
                    <results>
                      <test-suite type="TestFixture" name="ModuleTest" executed="True" result="Success" success="True" time="0.078" asserts="0">
                        <results>
                          <test-case name="Glimpse.Test.Core.ModuleTest.ModuleEventFired" executed="True" result="Success" success="True" time="0.031" asserts="0" />
                        </results>
                      </test-suite>
                      <test-suite type="Namespace" name="Plugin" executed="True" result="Success" success="True" time="1.139" asserts="0">
                        <results>
                          <test-suite type="TestFixture" name="RequestTest" executed="True" result="Success" success="True" time="0.016" asserts="0">
                            <results>
                              <test-case name="Glimpse.Test.Core.Plugin.RequestTest.Request_Name_IsRequest" executed="True" result="Success" success="True" time="0.016" asserts="1" />
                            </results>
                          </test-suite>
                          <test-suite type="TestFixture" name="TraceTest" executed="True" result="Success" success="True" time="1.123" asserts="0">
                            <results>
                              <test-case name="Glimpse.Test.Core.Plugin.TraceTest.Trace_GetData_IsNotNull" executed="True" result="Success" success="True" time="1.092" asserts="1" />
                              <test-case name="Glimpse.Test.Core.Plugin.TraceTest.Trace_GetData_WithoutAnyLoggedMessaged_IsNull" executed="True" result="Success" success="True" time="0.016" asserts="1" />
                              <test-case name="Glimpse.Test.Core.Plugin.TraceTest.Trace_HelpUrl" executed="True" result="Success" success="True" time="0.000" asserts="1" />
                              <test-case name="Glimpse.Test.Core.Plugin.TraceTest.Trace_Name_IsTrace" executed="True" result="Success" success="True" time="0.000" asserts="1" />
                              <test-case name="Glimpse.Test.Core.Plugin.TraceTest.Trace_SetupInit" executed="True" result="Success" success="True" time="0.016" asserts="0" />
                            </results>
                          </test-suite>
                        </results>
                      </test-suite>
                    </results>
                  </test-suite>
                </results>
              </test-suite>
            </results>
          </test-suite>
        </results>
      </test-suite>
    </results>
  </test-suite>
</test-results>